D:\USERS\RENC\DOCUMENTS\GITHUB\CODING_EXERCISES\MAYA_SIMPLENODE\X64\DEBUG\SIMPLENODE.OBJ
D:\USERS\RENC\DOCUMENTS\GITHUB\CODING_EXERCISES\MAYA_SIMPLENODE\X64\DEBUG\PLUGINMAIN.OBJ
D:\USERS\RENC\DOCUMENTS\GITHUB\CODING_EXERCISES\MAYA_SIMPLENODE\X64\DEBUG\VC110.PDB
C:\MAYAAPITRAINING\PLUG-INS\SIMPLENODE.ILK
C:\MAYAAPITRAINING\PLUG-INS\SIMPLENODE.MLL
D:\Users\renc\Documents\GitHub\coding_exercises\maya_simpleNode\Debug\simpleNode.lib
D:\Users\renc\Documents\GitHub\coding_exercises\maya_simpleNode\Debug\simpleNode.exp
D:\Users\renc\Documents\GitHub\coding_exercises\maya_simpleNode\x64\Debug\pluginMain.obj
D:\Users\renc\Documents\GitHub\coding_exercises\maya_simpleNode\x64\Debug\simpleNode.obj
D:\Users\renc\Documents\GitHub\coding_exercises\maya_simpleNode\x64\Debug\cl.command.1.tlog
D:\Users\renc\Documents\GitHub\coding_exercises\maya_simpleNode\x64\Debug\CL.read.1.tlog
D:\Users\renc\Documents\GitHub\coding_exercises\maya_simpleNode\x64\Debug\CL.write.1.tlog
D:\Users\renc\Documents\GitHub\coding_exercises\maya_simpleNode\x64\Debug\link-cvtres.read.1.tlog
D:\Users\renc\Documents\GitHub\coding_exercises\maya_simpleNode\x64\Debug\link-cvtres.write.1.tlog
D:\Users\renc\Documents\GitHub\coding_exercises\maya_simpleNode\x64\Debug\link-rc.read.1.tlog
D:\Users\renc\Documents\GitHub\coding_exercises\maya_simpleNode\x64\Debug\link-rc.write.1.tlog
D:\Users\renc\Documents\GitHub\coding_exercises\maya_simpleNode\x64\Debug\link.13060-cvtres.read.1.tlog
D:\Users\renc\Documents\GitHub\coding_exercises\maya_simpleNode\x64\Debug\link.13060-cvtres.write.1.tlog
D:\Users\renc\Documents\GitHub\coding_exercises\maya_simpleNode\x64\Debug\link.13060-rc.read.1.tlog
D:\Users\renc\Documents\GitHub\coding_exercises\maya_simpleNode\x64\Debug\link.13060-rc.write.1.tlog
D:\Users\renc\Documents\GitHub\coding_exercises\maya_simpleNode\x64\Debug\link.13060.read.1.tlog
D:\Users\renc\Documents\GitHub\coding_exercises\maya_simpleNode\x64\Debug\link.13060.write.1.tlog
D:\Users\renc\Documents\GitHub\coding_exercises\maya_simpleNode\x64\Debug\link.13160-cvtres.read.1.tlog
D:\Users\renc\Documents\GitHub\coding_exercises\maya_simpleNode\x64\Debug\link.13160-cvtres.write.1.tlog
D:\Users\renc\Documents\GitHub\coding_exercises\maya_simpleNode\x64\Debug\link.13160-rc.read.1.tlog
D:\Users\renc\Documents\GitHub\coding_exercises\maya_simpleNode\x64\Debug\link.13160-rc.write.1.tlog
D:\Users\renc\Documents\GitHub\coding_exercises\maya_simpleNode\x64\Debug\link.13160.read.1.tlog
D:\Users\renc\Documents\GitHub\coding_exercises\maya_simpleNode\x64\Debug\link.13160.write.1.tlog
D:\Users\renc\Documents\GitHub\coding_exercises\maya_simpleNode\x64\Debug\link.command.1.tlog
D:\Users\renc\Documents\GitHub\coding_exercises\maya_simpleNode\x64\Debug\link.read.1.tlog
D:\Users\renc\Documents\GitHub\coding_exercises\maya_simpleNode\x64\Debug\link.write.1.tlog
D:\Users\renc\Documents\GitHub\coding_exercises\maya_simpleNode\x64\Debug\simpleNode.write.1.tlog
D:\Users\renc\Documents\GitHub\coding_exercises\maya_simpleNode\x64\Debug\vc110.pdb
