Build started 2015/12/17 22:52:00.
     1>Project "D:\Users\renc\Documents\GitHub\coding_exercises\maya_rbfNode\rbfInterpolatorNode.vcxproj" on node 2 (Build target(s)).
     1>C:\Program Files (x86)\MSBuild\Microsoft.Cpp\v4.0\V110\Microsoft.CppBuild.targets(346,5): warning MSB8004: Output Directory does not end with a trailing slash.  This build instance will add the slash as it is required to allow proper evaluation of the Output Directory.
     1>ClCompile:
         C:\Program Files (x86)\Microsoft Visual Studio 11.0\VC\bin\x86_amd64\CL.exe /c /IC:\Workspace\MayaMain3\build\Debug\units\CamD\include /IC:\Workspace\MayaMain3\build\Debug\include /IC:\Workspace\MayaMain3\repo_main\platform\ntamd64\Components\ExternalLibraries\Qt\4.8.6\include /Zi /nologo /W3 /WX- /Od /D WIN32 /D _DEBUG /D _WINDOWS /D _AFXDLL /D _MBCS /D NT_PLUGIN /D REQUIRE_IOSTREAM /D _WINDLL /Gm- /EHsc /MDd /GS /Zc:wchar_t /Zc:forScope /Fo"x64\Debug\\" /Fd"x64\Debug\vc110.pdb" /Gd /TP /errorReport:prompt /GR /GS /Gm /EHac /ZI /I "." /D "WIN32" /D "_DEBUG"  /RTC1 /c matrix.cpp pluginMain.cpp rbfInterpolatorNode.cpp
     1>cl : Command line warning D9038: /ZI is not supported on this platform; enabling /Zi instead
     1>cl : Command line warning D9025: overriding '/Gm-' with '/Gm'
     1>cl : Command line warning D9025: overriding '/EHs' with '/EHa'
     1>cl : Command line warning D9025: overriding '/Zi' with '/ZI'
     1>cl : Command line warning D9007: '/Gm' requires '/Zi'; option ignored
         matrix.cpp
         pluginMain.cpp
         rbfInterpolatorNode.cpp
     1>rbfInterpolatorNode.cpp(234): warning C4267: 'initializing' : conversion from 'size_t' to 'unsigned int', possible loss of data
     1>rbfInterpolatorNode.cpp(235): warning C4267: 'initializing' : conversion from 'size_t' to 'unsigned int', possible loss of data
     1>rbfInterpolatorNode.cpp(328): warning C4267: 'initializing' : conversion from 'size_t' to 'unsigned int', possible loss of data
         Generating Code...
       Link:
         C:\Program Files (x86)\Microsoft Visual Studio 11.0\VC\bin\x86_amd64\link.exe /ERRORREPORT:PROMPT /OUT:"C:\MayaAPITraining\plug-ins\rbfInterpolatorNode.mll" /NOLOGO /LIBPATH:C:\Workspace\MayaMain3\build\Debug\runTime\lib /LIBPATH:C:\Workspace\MayaMain3\build\Debug\lib C:\Workspace\MayaMain3\build\Debug\runTime\lib\Foundation.lib C:\Workspace\MayaMain3\build\Debug\runTime\lib\OpenMaya.lib C:\Workspace\MayaMain3\build\Debug\runTime\lib\OpenMayaUI.lib C:\Workspace\MayaMain3\build\Debug\runTime\lib\OpenMayaAnim.lib kernel32.lib C:\Workspace\MayaMain3\build\Debug\runTime\lib\OpenMayaRender.lib user32.lib winspool.lib gdi32.lib comdlg32.lib advapi32.lib shell32.lib ole32.lib oleaut32.lib uuid.lib version.lib C:\Workspace\MayaMain3\repo_main\platform\ntamd64\Components\ExternalLibraries\Qt\4.8.6\lib\QtCored4.lib ws2_32.lib C:\Workspace\MayaMain3\repo_main\platform\ntamd64\Components\ExternalLibraries\Qt\4.8.6\lib\QtGuid4.lib C:\Workspace\MayaMain3\repo_main\platform\ntamd64\Components\ExternalLibraries\Qt\4.8.6\lib\QtSvgd4.lib imm32.lib winmm.lib C:\Workspace\MayaMain3\repo_main\platform\ntamd64\Components\ExternalLibraries\Qt\4.8.6\lib\QtNetworkd4.lib opengl32.lib glu32.lib kernel32.lib user32.lib gdi32.lib winspool.lib comdlg32.lib advapi32.lib shell32.lib ole32.lib oleaut32.lib uuid.lib odbc32.lib odbccp32.lib /MANIFEST /MANIFESTUAC:"level='asInvoker' uiAccess='false'" /manifest:embed /PDB:"Debug/rbfInterpolatorNode.pdb" /TLBID:1 /DYNAMICBASE /NXCOMPAT /IMPLIB:"Debug/rbfInterpolatorNode.lib" /MACHINE:X64 /subsystem:windows /dll /incremental:yes /debug /export:initializePlugin /export:uninitializePlugin /DLL x64\Debug\ConvertToDoubleArrayNode.obj
         x64\Debug\matrix.obj
         x64\Debug\pluginMain.obj
         x64\Debug\rbfInterpolatorNode.obj
     1>LINK : warning LNK4224: /INCREMENTAL:YES is no longer supported;  ignored
     1>LINK : warning LNK4224: /INCREMENTAL:YES is no longer supported;  ignored
            Creating library Debug/rbfInterpolatorNode.lib and object Debug/rbfInterpolatorNode.exp
         rbfInterpolatorNode.vcxproj -> C:\MayaAPITraining\plug-ins\rbfInterpolatorNode.mll
     1>Done Building Project "D:\Users\renc\Documents\GitHub\coding_exercises\maya_rbfNode\rbfInterpolatorNode.vcxproj" (Build target(s)).

Build succeeded.

Time Elapsed 00:00:10.41
