D:\USERS\RENC\DOCUMENTS\GITHUB\CODING_EXERCISES\MAYA_RBFNODE\X64\DEBUG\RBFINTERPOLATORNODE.OBJ
D:\USERS\RENC\DOCUMENTS\GITHUB\CODING_EXERCISES\MAYA_RBFNODE\X64\DEBUG\PLUGINMAIN.OBJ
D:\USERS\RENC\DOCUMENTS\GITHUB\CODING_EXERCISES\MAYA_RBFNODE\X64\DEBUG\VC110.PDB
D:\Users\renc\Documents\GitHub\coding_exercises\maya_rbfNode\Debug\rbfInterpolatorNode.lib
D:\Users\renc\Documents\GitHub\coding_exercises\maya_rbfNode\Debug\rbfInterpolatorNode.exp
D:\Users\renc\Documents\GitHub\coding_exercises\maya_rbfNode\x64\Debug\pluginMain.obj
D:\Users\renc\Documents\GitHub\coding_exercises\maya_rbfNode\x64\Debug\rbfInterpolatorNode.obj
D:\Users\renc\Documents\GitHub\coding_exercises\maya_rbfNode\x64\Debug\cl.command.1.tlog
D:\Users\renc\Documents\GitHub\coding_exercises\maya_rbfNode\x64\Debug\CL.read.1.tlog
D:\Users\renc\Documents\GitHub\coding_exercises\maya_rbfNode\x64\Debug\CL.write.1.tlog
D:\Users\renc\Documents\GitHub\coding_exercises\maya_rbfNode\x64\Debug\link-cvtres.read.1.tlog
D:\Users\renc\Documents\GitHub\coding_exercises\maya_rbfNode\x64\Debug\link-cvtres.write.1.tlog
D:\Users\renc\Documents\GitHub\coding_exercises\maya_rbfNode\x64\Debug\link-rc.read.1.tlog
D:\Users\renc\Documents\GitHub\coding_exercises\maya_rbfNode\x64\Debug\link-rc.write.1.tlog
D:\Users\renc\Documents\GitHub\coding_exercises\maya_rbfNode\x64\Debug\link.2884-cvtres.read.1.tlog
D:\Users\renc\Documents\GitHub\coding_exercises\maya_rbfNode\x64\Debug\link.2884-cvtres.write.1.tlog
D:\Users\renc\Documents\GitHub\coding_exercises\maya_rbfNode\x64\Debug\link.2884-rc.read.1.tlog
D:\Users\renc\Documents\GitHub\coding_exercises\maya_rbfNode\x64\Debug\link.2884-rc.write.1.tlog
D:\Users\renc\Documents\GitHub\coding_exercises\maya_rbfNode\x64\Debug\link.2884.read.1.tlog
D:\Users\renc\Documents\GitHub\coding_exercises\maya_rbfNode\x64\Debug\link.2884.write.1.tlog
D:\Users\renc\Documents\GitHub\coding_exercises\maya_rbfNode\x64\Debug\link.command.1.tlog
D:\Users\renc\Documents\GitHub\coding_exercises\maya_rbfNode\x64\Debug\link.read.1.tlog
D:\Users\renc\Documents\GitHub\coding_exercises\maya_rbfNode\x64\Debug\link.write.1.tlog
D:\Users\renc\Documents\GitHub\coding_exercises\maya_rbfNode\x64\Debug\rbfInterpolatorNode.write.1.tlog
D:\Users\renc\Documents\GitHub\coding_exercises\maya_rbfNode\x64\Debug\vc110.pdb
